* using log directory ‘/home/jta/src/local/euclid/..Rcheck’
* using R version 3.3.2 (2016-10-31)
* using platform: x86_64-pc-linux-gnu (64-bit)
* using session charset: UTF-8
* checking for file ‘./DESCRIPTION’ ... OK
* checking extension type ... Package
* this is package ‘euclid’ version ‘0.1.0’
* package encoding: UTF-8
* checking package namespace information ... OK
* checking package dependencies ... OK
* checking if this is a source package ... OK
* checking if there is a namespace ... OK
* checking for executable files ... OK
* checking for hidden files and directories ... NOTE
Found the following hidden files and directories:
  .gitignore
  ..Rcheck
  .Rproj.user
  .git
These were most likely included in error. See section ‘Package
structure’ in the ‘Writing R Extensions’ manual.
* checking for portable file names ... OK
* checking for sufficient/correct file permissions ... OK
* checking whether package ‘euclid’ can be installed ... OK
* checking installed package size ... OK
* checking package directory ... OK
* checking DESCRIPTION meta-information ... WARNING
Non-standard license specification:
  GPL v3.0 or greater.
Standardizable: FALSE
Checking should be performed on sources prepared by ‘R CMD build’.
* checking top-level files ... OK
* checking for left-over files ... OK
* checking index information ... OK
* checking package subdirectories ... WARNING
Found the following directory with the name of a check directory:
  ./..Rcheck
Most likely, these were included erroneously.
* checking R files for non-ASCII characters ... OK
* checking R files for syntax errors ... OK
* checking whether the package can be loaded ... OK
* checking whether the package can be loaded with stated dependencies ... OK
* checking whether the package can be unloaded cleanly ... OK
* checking whether the namespace can be loaded with stated dependencies ... OK
* checking whether the namespace can be unloaded cleanly ... OK
* checking loading without being on the library search path ... OK
* checking dependencies in R code ... WARNING
'::' or ':::' import not declared from: ‘viridis’
Namespaces in Imports field not imported from:
  ‘Matrix’ ‘magrittr’
  All declared Imports should be used.
* checking S3 generic/method consistency ... OK
* checking replacement functions ... OK
* checking foreign function calls ... OK
* checking R code for possible problems ... NOTE
A: no visible global function definition for ‘%<>%’
C: no visible global function definition for ‘%<>%’
C: no visible binding for global variable ‘v’
C: no visible global function definition for ‘%>%’
chart: no visible global function definition for ‘plot’
chart: no visible global function definition for ‘grid’
chart: no visible global function definition for ‘axis’
color_alpha: no visible global function definition for ‘par’
color_alpha : <anonymous>: no visible global function definition for
  ‘color_add_alpha’
color_alpha: no visible global function definition for ‘col2rgb’
color_alpha: no visible global function definition for ‘%<>%’
color_alpha : <anonymous>: no visible global function definition for
  ‘rgb’
color_make : <anonymous>: no visible global function definition for
  ‘%>%’
debug_plot: no visible global function definition for ‘text’
debug_plot: no visible global function definition for ‘polygon’
debug_plot: no visible global function definition for ‘chull’
draw_vec: no visible global function definition for ‘%<>%’
draw_vec_: no visible global function definition for ‘xinch’
draw_vec_: no visible global function definition for ‘arrows’
dwise: no visible global function definition for ‘%<>%’
error: no visible global function definition for ‘str’
getd: no visible global function definition for ‘%>%’
is_ccw: no visible global function definition for ‘chull’
lmap: no visible global function definition for ‘%<>%’
lmap: no visible global function definition for ‘%>%’
mk: no visible global function definition for ‘%>%’
nuclear: no visible global function definition for ‘%<>%’
nucomp: no visible global function definition for ‘%>%’
nucomp: no visible global function definition for ‘%<>%’
pclear: no visible global function definition for ‘%<>%’
pintersect: no visible global function definition for ‘%>%’
position: no visible global function definition for ‘%<>%’
pushout: no visible global function definition for ‘%>%’
pushout: no visible global function definition for ‘%<>%’
pushout: no visible global function definition for ‘chull’
pushout: no visible binding for global variable ‘.’
random : <anonymous>: no visible global function definition for ‘runif’
repulse: no visible global function definition for ‘chull’
repulse: no visible global function definition for ‘%>%’
repulse: no visible binding for global variable ‘.’
resize: no visible global function definition for ‘%<>%’
resize: no visible global function definition for ‘%>%’
resize: no visible binding for global variable ‘.’
rotate: no visible binding for global variable ‘v’
s_v_op: no visible global function definition for ‘%>%’
sin_: no visible global function definition for ‘%>%’
sin_: no visible binding for global variable ‘.’
smul: no visible global function definition for ‘cwise’
smul: no visible global function definition for ‘rwise’
to_m: no visible global function definition for ‘%>%’
to_m: no visible global function definition for ‘%<>%’
v_s_op: no visible global function definition for ‘%<>%’
v_w_op: no visible global function definition for ‘%<>%’
v_w_op: no visible global function definition for ‘%>%’
vnorm_: no visible global function definition for ‘%>%’
vrej_s_: no visible global function definition for ‘%>%’
vv_s_op: no visible global function definition for ‘%<>%’
vv_w_op: no visible global function definition for ‘%<>%’
vwise: no visible global function definition for ‘%<>%’
Undefined global functions or variables:
  %<>% %>% . arrows axis chull col2rgb color_add_alpha cwise grid par
  plot polygon rgb runif rwise str text v xinch
Consider adding
  importFrom("grDevices", "chull", "col2rgb", "rgb")
  importFrom("graphics", "arrows", "axis", "grid", "par", "plot",
             "polygon", "text", "xinch")
  importFrom("stats", "runif")
  importFrom("utils", "str")
to your NAMESPACE file.
* checking Rd files ... OK
* checking Rd metadata ... OK
* checking Rd cross-references ... OK
* checking for missing documentation entries ... WARNING
Undocumented code objects:
  ‘D’ ‘O’ ‘V’ ‘axis_major’ ‘axis_minor’ ‘dct’ ‘getd’ ‘getv’ ‘mk’ ‘setd’
  ‘setv’ ‘vct’
All user-level objects in a package should have documentation entries.
See chapter ‘Writing R documentation files’ in the ‘Writing R
Extensions’ manual.
* checking for code/documentation mismatches ... OK
* checking Rd \usage sections ... WARNING
Undocumented arguments in documentation object 'A'
  ‘d’ ‘a’

Undocumented arguments in documentation object 'C'
  ‘m’

Undocumented arguments in documentation object 'bsize'
  ‘m’

Undocumented arguments in documentation object 'center'
  ‘v’

Undocumented arguments in documentation object 'chart'
  ‘...’ ‘scale’ ‘asp’ ‘axes’ ‘ylab’ ‘xlab’ ‘par’

Undocumented arguments in documentation object 'color_alpha'
  ‘col’ ‘alpha’

Undocumented arguments in documentation object 'color_make'
  ‘...’

Undocumented arguments in documentation object 'compose'
  ‘m’ ‘membs’ ‘km’ ‘bysize’ ‘K’ ‘noverlap’

Undocumented arguments in documentation object 'cosf'
  ‘v’ ‘u’

Undocumented arguments in documentation object 'cotf'
  ‘v’ ‘u’

Undocumented arguments in documentation object 'cscf'
  ‘v’ ‘u’

Undocumented arguments in documentation object 'deg2rad'
  ‘d’

Undocumented arguments in documentation object 'draw_seg'
  ‘p0’ ‘p1’ ‘lty’ ‘...’

Undocumented arguments in documentation object 'draw_vec'
  ‘v’ ‘o’ ‘...’

Undocumented arguments in documentation object 'dwise'
  ‘m0’ ‘f_’ ‘...’ ‘m1’ ‘reduce’ ‘r’

Undocumented arguments in documentation object 'east'
  ‘d’

Undocumented arguments in documentation object 'interpolate'
  ‘P’ ‘poly’ ‘iter’

Undocumented arguments in documentation object 'is_ccw'
  ‘P’

Undocumented arguments in documentation object 'is_plist'
  ‘pl’

Undocumented arguments in documentation object 'iszero'
  ‘v’

Undocumented arguments in documentation object 'lfilter'
  ‘l’ ‘pred’

Undocumented arguments in documentation object 'lineclip'
  ‘P’ ‘p1’ ‘p0’ ‘scalars’

Undocumented arguments in documentation object 'lmap'
  ‘v’ ‘map’

Undocumented arguments in documentation object 'north'
  ‘d’

Undocumented arguments in documentation object 'pclear'
  ‘P’ ‘X’ ‘v’ ‘vector’

Undocumented arguments in documentation object 'pintersect'
  ‘P0’ ‘P1’

Undocumented arguments in documentation object 'position'
  ‘m’ ‘v’ ‘t’

Undocumented arguments in documentation object 'pushout'
  ‘P’ ‘X’ ‘v’

Undocumented arguments in documentation object 'rad2deg'
  ‘r’

Undocumented arguments in documentation object 'random'
  ‘n’ ‘d’ ‘P’

Undocumented arguments in documentation object 'resize'
  ‘v’ ‘S’ ‘abs’

Undocumented arguments in documentation object 'rotate'
  ‘m’ ‘theta’ ‘cw’

Undocumented arguments in documentation object 'rotation'
  ‘theta’

Undocumented arguments in documentation object 's_v_op'
  ‘s0’ ‘f_’ ‘d’

Undocumented arguments in documentation object 'secf'
  ‘v’ ‘u’

Undocumented arguments in documentation object 'sinf'
  ‘v’ ‘u’

Undocumented arguments in documentation object 'smul'
  ‘v’ ‘S’

Undocumented arguments in documentation object 'south'
  ‘d’

Undocumented arguments in documentation object 'tanf'
  ‘v’ ‘u’

Undocumented arguments in documentation object 'theta'
  ‘v’ ‘u’ ‘cw’ ‘deg’

Undocumented arguments in documentation object 'to_l'
  ‘m’

Undocumented arguments in documentation object 'to_m'
  ‘l’ ‘combine’

Undocumented arguments in documentation object 'translate'
  ‘v’ ‘u’

Undocumented arguments in documentation object 'v_s_op'
  ‘v0’ ‘f_’

Undocumented arguments in documentation object 'v_v_op'
  ‘v0’ ‘f_’

Undocumented arguments in documentation object 'v_w_op'
  ‘v0’ ‘f_’ ‘d’

Undocumented arguments in documentation object 'vadd'
  ‘v’ ‘u’

Undocumented arguments in documentation object 'vaxis'
  ‘...’

Undocumented arguments in documentation object 'vdif'
  ‘v’ ‘u’

Undocumented arguments in documentation object 'vdist'
  ‘v’ ‘u’ ‘p’

Undocumented arguments in documentation object 'vhead'
  ‘m’ ‘o’ ‘scalar’

Undocumented arguments in documentation object 'vinnerp'
  ‘v’ ‘u’

Undocumented arguments in documentation object 'vnorm'
  ‘v’ ‘p’

Undocumented arguments in documentation object 'vorth'
  ‘v’ ‘cw’ ‘a’ ‘...’

Undocumented arguments in documentation object 'vproj'
  ‘v’ ‘u’ ‘scalar’

Undocumented arguments in documentation object 'vrej'
  ‘v’ ‘u’ ‘scalar’

Undocumented arguments in documentation object 'vunit'
  ‘v’

Undocumented arguments in documentation object 'vv_s_op'
  ‘v0’ ‘v1’ ‘f_’

Undocumented arguments in documentation object 'vv_v_op'
  ‘v0’ ‘v1’ ‘f_’

Undocumented arguments in documentation object 'vv_w_op'
  ‘v0’ ‘v1’ ‘f_’ ‘d’

Undocumented arguments in documentation object 'vwise'
  ‘m0’ ‘f_’ ‘reduce’ ‘...’ ‘m1’ ‘r’

Undocumented arguments in documentation object 'west'
  ‘d’

Functions with \usage entries need to have the appropriate \alias
entries, and all their arguments documented.
The \usage entries must correspond to syntactically valid R code.
See chapter ‘Writing R documentation files’ in the ‘Writing R
Extensions’ manual.
* checking Rd contents ... OK
* checking for unstated dependencies in examples ... OK
* checking examples ... NONE
* checking PDF version of manual ... OK
* DONE
Status: 5 WARNINGs, 2 NOTEs
